<?xml version="1.0" encoding="UTF-8"?>
<testsuite name="pl.potera.ReactorTests" tests="3" skipped="0" failures="0" errors="0" timestamp="2019-04-16T20:27:44" hostname="dominik" time="4.849">
  <properties/>
  <testcase name="mergeFluxesTest" classname="pl.potera.ReactorTests" time="0.837"/>
  <testcase name="simpleFluxTest" classname="pl.potera.ReactorTests" time="0.001"/>
  <testcase name="intervalFluxTest" classname="pl.potera.ReactorTests" time="4.011"/>
  <system-out><![CDATA[printing: 0
printing: 1
printing: 2
printing: 3
printing: 4
Sum: 10
01234]]></system-out>
  <system-err><![CDATA[]]></system-err>
</testsuite>
